Compilación iniciada a las 8/5/2019 10:47:44.
     1>Proyecto "C:\Users\Labs-DCCO\Desktop\CorreoTest\UnitTestAdministrado\UnitTestAdministrado.vcxproj" en el nodo 2 (Build destinos).
     1>Link:
         C:\Program Files (x86)\Microsoft Visual Studio 12.0\VC\bin\link.exe /ERRORREPORT:PROMPT /OUT:"C:\Users\Labs-DCCO\Desktop\CorreoTest\Debug\UnitTestAdministrado.dll" /INCREMENTAL /NOLOGO /LIBPATH:"C:\Program Files (x86)\Microsoft Visual Studio 12.0\VC\UnitTest\lib" kernel32.lib user32.lib gdi32.lib winspool.lib comdlg32.lib advapi32.lib shell32.lib ole32.lib oleaut32.lib uuid.lib odbc32.lib odbccp32.lib /MANIFEST /MANIFESTUAC:"level='asInvoker' uiAccess='false'" /manifest:embed /DEBUG /PDB:"C:\Users\Labs-DCCO\Desktop\CorreoTest\Debug\UnitTestAdministrado.pdb" /SUBSYSTEM:WINDOWS /TLBID:1 /DYNAMICBASE /NXCOMPAT /IMPLIB:"C:\Users\Labs-DCCO\Desktop\CorreoTest\Debug\UnitTestAdministrado.lib" /MACHINE:X86 /DLL Debug\stdafx.obj
         Debug\Pruebas.obj
            Creando biblioteca C:\Users\Labs-DCCO\Desktop\CorreoTest\Debug\UnitTestAdministrado.lib y objeto C:\Users\Labs-DCCO\Desktop\CorreoTest\Debug\UnitTestAdministrado.exp
     1>Pruebas.obj : error LNK2019: símbolo externo "public: char __thiscall Validacion::firstCharGet(class std::basic_string<char,struct std::char_traits<char>,class std::allocator<char> >)" (?firstCharGet@Validacion@@QAEDV?$basic_string@DU?$char_traits@D@std@@V?$allocator@D@2@@std@@@Z) sin resolver al que se hace referencia en la función "public: int __thiscall Validacion::registro(class std::basic_string<char,struct std::char_traits<char>,class std::allocator<char> >,class std::basic_string<char,struct std::char_traits<char>,class std::allocator<char> >)" (?registro@Validacion@@QAEHV?$basic_string@DU?$char_traits@D@std@@V?$allocator@D@2@@std@@0@Z)
     1>C:\Users\Labs-DCCO\Desktop\CorreoTest\Debug\UnitTestAdministrado.dll : fatal error LNK1120: 1 externos sin resolver
     1>Compilación del proyecto terminada "C:\Users\Labs-DCCO\Desktop\CorreoTest\UnitTestAdministrado\UnitTestAdministrado.vcxproj" (Build destinos) -- ERROR.

ERROR al compilar.

Tiempo transcurrido 00:00:00.37
